2025-07-15 15:38:00,847 - INFO - ===== USB设备监控程序启动 =====
2025-07-15 15:38:01,502 - INFO - 新设备插入: Intel(R) USB 3.0 可扩展主机控制器 - 1.0 (Microsoft)
2025-07-15 15:38:01,502 - INFO - 描述: 符合 USB xHCI 的主机控制器
2025-07-15 15:38:01,502 - INFO - 设备ID: PCI\VEN_8086&DEV_A2AF&SUBSYS_07A21028&REV_00\3&11583659&0&A0
2025-07-15 15:38:01,502 - INFO - ------------------------------
2025-07-15 15:38:01,502 - INFO - 新设备插入: USB 根集线器(USB 3.0)
2025-07-15 15:38:01,503 - INFO - 描述: USB 根集线器(USB 3.0)
2025-07-15 15:38:01,503 - INFO - 设备ID: USB\ROOT_HUB30\4&3B5BB164&0&0
2025-07-15 15:38:01,504 - INFO - ------------------------------
2025-07-15 15:38:01,504 - INFO - 新设备插入: USB Composite Device
2025-07-15 15:38:01,504 - INFO - 描述: USB Composite Device
2025-07-15 15:38:01,504 - INFO - 设备ID: USB\VID_046D&PID_C534\5&1C648D22&0&9
2025-07-15 15:38:01,504 - INFO - ------------------------------
2025-07-15 15:38:01,504 - INFO - 新设备插入: USB 输入设备
2025-07-15 15:38:01,504 - INFO - 描述: USB 输入设备
2025-07-15 15:38:01,504 - INFO - 设备ID: USB\VID_046D&PID_C534&MI_00\6&1D5EB18C&0&0000
2025-07-15 15:38:01,504 - INFO - ------------------------------
2025-07-15 15:38:01,504 - INFO - 新设备插入: HID Keyboard Device
2025-07-15 15:38:01,505 - INFO - 描述: HID Keyboard Device
2025-07-15 15:38:01,505 - INFO - 设备ID: HID\VID_046D&PID_C534&MI_00\7&48EC4D6&0&0000
2025-07-15 15:38:01,505 - INFO - ------------------------------
2025-07-15 15:38:01,505 - INFO - 新设备插入: USB 输入设备
2025-07-15 15:38:01,505 - INFO - 描述: USB 输入设备
2025-07-15 15:38:01,505 - INFO - 设备ID: USB\VID_046D&PID_C534&MI_01\6&1D5EB18C&0&0001
2025-07-15 15:38:01,505 - INFO - ------------------------------
2025-07-15 15:38:01,505 - INFO - 新设备插入: HID-compliant mouse
2025-07-15 15:38:01,505 - INFO - 描述: HID-compliant mouse
2025-07-15 15:38:01,505 - INFO - 设备ID: HID\VID_046D&PID_C534&MI_01&COL01\7&1C52511B&0&0000
2025-07-15 15:38:01,505 - INFO - ------------------------------
2025-07-15 15:38:01,505 - INFO - 新设备插入: 符合 HID 标准的用户控制设备
2025-07-15 15:38:01,505 - INFO - 描述: 符合 HID 标准的用户控制设备
2025-07-15 15:38:01,505 - INFO - 设备ID: HID\VID_046D&PID_C534&MI_01&COL02\7&1C52511B&0&0001
2025-07-15 15:38:01,505 - INFO - ------------------------------
2025-07-15 15:38:01,505 - INFO - 新设备插入: 符合 HID 标准的系统控制器
2025-07-15 15:38:01,506 - INFO - 描述: 符合 HID 标准的系统控制器
2025-07-15 15:38:01,506 - INFO - 设备ID: HID\VID_046D&PID_C534&MI_01&COL03\7&1C52511B&0&0002
2025-07-15 15:38:01,506 - INFO - ------------------------------
2025-07-15 15:38:01,506 - INFO - 新设备插入: 符合 HID 标准的供应商定义设备
2025-07-15 15:38:01,506 - INFO - 描述: 符合 HID 标准的供应商定义设备
2025-07-15 15:38:01,506 - INFO - 设备ID: HID\VID_046D&PID_C534&MI_01&COL04\7&1C52511B&0&0003
2025-07-15 15:38:01,506 - INFO - ------------------------------
2025-07-15 15:38:01,506 - INFO - 新设备插入: 符合 HID 标准的供应商定义设备
2025-07-15 15:38:01,506 - INFO - 描述: 符合 HID 标准的供应商定义设备
2025-07-15 15:38:01,506 - INFO - 设备ID: HID\VID_046D&PID_C534&MI_01&COL05\7&1C52511B&0&0004
2025-07-15 15:38:01,506 - INFO - ------------------------------
2025-07-15 15:38:01,506 - INFO - 新设备插入: USB 打印支持
2025-07-15 15:38:01,506 - INFO - 描述: USB 打印支持
2025-07-15 15:38:01,506 - INFO - 设备ID: USB\VID_04E8&PID_3310\Z5VNBJAD60002GH
2025-07-15 15:38:01,506 - INFO - ------------------------------
2025-07-15 15:38:01,506 - INFO - 新设备插入: Samsung ML-331x Series Class Driver
2025-07-15 15:38:01,506 - INFO - 描述: Samsung ML-331x Series Class Driver
2025-07-15 15:38:01,507 - INFO - 设备ID: USBPRINT\SAMSUNGML-331X_SERIES\6&1129C2D7&0&USB001
2025-07-15 15:38:01,507 - INFO - ------------------------------
2025-07-15 15:38:01,507 - INFO - 新设备插入: Samsung ML-331x Series
2025-07-15 15:38:01,507 - INFO - 描述: 本地打印队列
2025-07-15 15:38:01,507 - INFO - 设备ID: SWD\PRINTENUM\{2EDF682C-B8A8-484C-8CD0-78BD6FBA9D09}
2025-07-15 15:38:01,507 - INFO - ------------------------------
2025-07-15 15:46:18,993 - INFO - 新设备插入: USB 输入设备
2025-07-15 15:46:18,993 - INFO - 描述: USB 输入设备
2025-07-15 15:46:18,993 - INFO - 设备ID: USB\VID_26F1&PID_8801\1234567890ABCD
2025-07-15 15:46:18,993 - INFO - ------------------------------
2025-07-15 15:46:18,993 - INFO - 新设备插入: HID Keyboard Device
2025-07-15 15:46:18,993 - INFO - 描述: HID Keyboard Device
2025-07-15 15:46:18,993 - INFO - 设备ID: HID\VID_26F1&PID_8801\6&3723DBB&1&0000
2025-07-15 15:46:18,993 - INFO - ------------------------------
2025-07-15 15:46:37,746 - INFO - 设备已移除: HID\VID_26F1&PID_8801\6&3723DBB&1&0000
2025-07-15 15:46:37,747 - INFO - 设备已移除: USB\VID_26F1&PID_8801\1234567890ABCD
2025-07-16 14:26:21,611 - INFO - ===== USB设备监控程序启动 =====
2025-07-16 14:26:22,417 - INFO - 新设备插入: USB 根集线器(USB 3.0)
2025-07-16 14:26:22,417 - INFO - 描述: USB 根集线器(USB 3.0)
2025-07-16 14:26:22,417 - INFO - 设备ID: USB\ROOT_HUB30\4&3B5BB164&0&0
2025-07-16 14:26:22,417 - INFO - ------------------------------
2025-07-16 14:26:22,418 - INFO - 新设备插入: USB Composite Device
2025-07-16 14:26:22,418 - INFO - 描述: USB Composite Device
2025-07-16 14:26:22,418 - INFO - 设备ID: USB\VID_046D&PID_C534\5&1C648D22&0&9
2025-07-16 14:26:22,418 - INFO - ------------------------------
2025-07-16 14:26:22,418 - INFO - 新设备插入: USB 输入设备
2025-07-16 14:26:22,418 - INFO - 描述: USB 输入设备
2025-07-16 14:26:22,418 - INFO - 设备ID: USB\VID_046D&PID_C534&MI_00\6&1D5EB18C&0&0000
2025-07-16 14:26:22,418 - INFO - ------------------------------
2025-07-16 14:26:22,418 - INFO - 新设备插入: HID Keyboard Device
2025-07-16 14:26:22,418 - INFO - 描述: HID Keyboard Device
2025-07-16 14:26:22,418 - INFO - 设备ID: HID\VID_046D&PID_C534&MI_00\7&48EC4D6&0&0000
2025-07-16 14:26:22,418 - INFO - ------------------------------
2025-07-16 14:26:22,418 - INFO - 新设备插入: USB 输入设备
2025-07-16 14:26:22,418 - INFO - 描述: USB 输入设备
2025-07-16 14:26:22,418 - INFO - 设备ID: USB\VID_046D&PID_C534&MI_01\6&1D5EB18C&0&0001
2025-07-16 14:26:22,418 - INFO - ------------------------------
2025-07-16 14:26:22,419 - INFO - 新设备插入: HID-compliant mouse
2025-07-16 14:26:22,419 - INFO - 描述: HID-compliant mouse
2025-07-16 14:26:22,419 - INFO - 设备ID: HID\VID_046D&PID_C534&MI_01&COL01\7&1C52511B&0&0000
2025-07-16 14:26:22,419 - INFO - ------------------------------
2025-07-16 14:26:22,419 - INFO - 新设备插入: 符合 HID 标准的用户控制设备
2025-07-16 14:26:22,419 - INFO - 描述: 符合 HID 标准的用户控制设备
2025-07-16 14:26:22,419 - INFO - 设备ID: HID\VID_046D&PID_C534&MI_01&COL02\7&1C52511B&0&0001
2025-07-16 14:26:22,419 - INFO - ------------------------------
2025-07-16 14:26:22,419 - INFO - 新设备插入: Intel(R) USB 3.0 可扩展主机控制器 - 1.0 (Microsoft)
2025-07-16 14:26:22,419 - INFO - 描述: 符合 USB xHCI 的主机控制器
2025-07-16 14:26:22,419 - INFO - 设备ID: PCI\VEN_8086&DEV_A2AF&SUBSYS_07A21028&REV_00\3&11583659&0&A0
2025-07-16 14:26:22,419 - INFO - ------------------------------
2025-07-16 14:26:22,419 - INFO - 新设备插入: 符合 HID 标准的系统控制器
2025-07-16 14:26:22,419 - INFO - 描述: 符合 HID 标准的系统控制器
2025-07-16 14:26:22,419 - INFO - 设备ID: HID\VID_046D&PID_C534&MI_01&COL03\7&1C52511B&0&0002
2025-07-16 14:26:22,419 - INFO - ------------------------------
2025-07-16 14:26:22,419 - INFO - 新设备插入: 符合 HID 标准的供应商定义设备
2025-07-16 14:26:22,419 - INFO - 描述: 符合 HID 标准的供应商定义设备
2025-07-16 14:26:22,420 - INFO - 设备ID: HID\VID_046D&PID_C534&MI_01&COL04\7&1C52511B&0&0003
2025-07-16 14:26:22,420 - INFO - ------------------------------
2025-07-16 14:26:22,420 - INFO - 新设备插入: 符合 HID 标准的供应商定义设备
2025-07-16 14:26:22,420 - INFO - 描述: 符合 HID 标准的供应商定义设备
2025-07-16 14:26:22,420 - INFO - 设备ID: HID\VID_046D&PID_C534&MI_01&COL05\7&1C52511B&0&0004
2025-07-16 14:26:22,420 - INFO - ------------------------------
2025-07-16 14:26:22,420 - INFO - 新设备插入: USB 打印支持
2025-07-16 14:26:22,420 - INFO - 描述: USB 打印支持
2025-07-16 14:26:22,420 - INFO - 设备ID: USB\VID_04E8&PID_3310\Z5VNBJAD60002GH
2025-07-16 14:26:22,420 - INFO - ------------------------------
2025-07-16 14:26:22,420 - INFO - 新设备插入: Samsung ML-331x Series Class Driver
2025-07-16 14:26:22,420 - INFO - 描述: Samsung ML-331x Series Class Driver
2025-07-16 14:26:22,420 - INFO - 设备ID: USBPRINT\SAMSUNGML-331X_SERIES\6&1129C2D7&0&USB001
2025-07-16 14:26:22,420 - INFO - ------------------------------
2025-07-16 14:26:22,421 - INFO - 新设备插入: Samsung ML-331x Series
2025-07-16 14:26:22,421 - INFO - 描述: 本地打印队列
2025-07-16 14:26:22,421 - INFO - 设备ID: SWD\PRINTENUM\{2EDF682C-B8A8-484C-8CD0-78BD6FBA9D09}
2025-07-16 14:26:22,421 - INFO - ------------------------------
2025-07-16 14:33:20,279 - INFO - ===== USB设备监控程序启动 =====
2025-07-16 14:33:20,946 - INFO - 新设备插入: USB 根集线器(USB 3.0)
2025-07-16 14:33:20,947 - INFO - 描述: USB 根集线器(USB 3.0)
2025-07-16 14:33:20,947 - INFO - 设备ID: USB\ROOT_HUB30\4&3B5BB164&0&0
2025-07-16 14:33:20,947 - INFO - ------------------------------
2025-07-16 14:33:20,947 - INFO - 新设备插入: USB Composite Device
2025-07-16 14:33:20,947 - INFO - 描述: USB Composite Device
2025-07-16 14:33:20,947 - INFO - 设备ID: USB\VID_046D&PID_C534\5&1C648D22&0&9
2025-07-16 14:33:20,947 - INFO - ------------------------------
2025-07-16 14:33:20,947 - INFO - 新设备插入: USB 输入设备
2025-07-16 14:33:20,947 - INFO - 描述: USB 输入设备
2025-07-16 14:33:20,947 - INFO - 设备ID: USB\VID_046D&PID_C534&MI_00\6&1D5EB18C&0&0000
2025-07-16 14:33:20,947 - INFO - ------------------------------
2025-07-16 14:33:20,947 - INFO - 新设备插入: HID Keyboard Device
2025-07-16 14:33:20,947 - INFO - 描述: HID Keyboard Device
2025-07-16 14:33:20,947 - INFO - 设备ID: HID\VID_046D&PID_C534&MI_00\7&48EC4D6&0&0000
2025-07-16 14:33:20,947 - INFO - ------------------------------
2025-07-16 14:33:20,947 - INFO - 新设备插入: USB 输入设备
2025-07-16 14:33:20,948 - INFO - 描述: USB 输入设备
2025-07-16 14:33:20,948 - INFO - 设备ID: USB\VID_046D&PID_C534&MI_01\6&1D5EB18C&0&0001
2025-07-16 14:33:20,948 - INFO - ------------------------------
2025-07-16 14:33:20,948 - INFO - 新设备插入: HID-compliant mouse
2025-07-16 14:33:20,948 - INFO - 描述: HID-compliant mouse
2025-07-16 14:33:20,948 - INFO - 设备ID: HID\VID_046D&PID_C534&MI_01&COL01\7&1C52511B&0&0000
2025-07-16 14:33:20,948 - INFO - ------------------------------
2025-07-16 14:33:20,948 - INFO - 新设备插入: 符合 HID 标准的用户控制设备
2025-07-16 14:33:20,948 - INFO - 描述: 符合 HID 标准的用户控制设备
2025-07-16 14:33:20,948 - INFO - 设备ID: HID\VID_046D&PID_C534&MI_01&COL02\7&1C52511B&0&0001
2025-07-16 14:33:20,948 - INFO - ------------------------------
2025-07-16 14:33:20,948 - INFO - 新设备插入: 符合 HID 标准的系统控制器
2025-07-16 14:33:20,949 - INFO - 描述: 符合 HID 标准的系统控制器
2025-07-16 14:33:20,949 - INFO - 设备ID: HID\VID_046D&PID_C534&MI_01&COL03\7&1C52511B&0&0002
2025-07-16 14:33:20,949 - INFO - ------------------------------
2025-07-16 14:33:20,949 - INFO - 新设备插入: 符合 HID 标准的供应商定义设备
2025-07-16 14:33:20,949 - INFO - 描述: 符合 HID 标准的供应商定义设备
2025-07-16 14:33:20,949 - INFO - 设备ID: HID\VID_046D&PID_C534&MI_01&COL04\7&1C52511B&0&0003
2025-07-16 14:33:20,949 - INFO - ------------------------------
2025-07-16 14:33:20,949 - INFO - 新设备插入: 符合 HID 标准的供应商定义设备
2025-07-16 14:33:20,949 - INFO - 描述: 符合 HID 标准的供应商定义设备
2025-07-16 14:33:20,949 - INFO - 设备ID: HID\VID_046D&PID_C534&MI_01&COL05\7&1C52511B&0&0004
2025-07-16 14:33:20,949 - INFO - ------------------------------
2025-07-16 14:33:20,949 - INFO - 新设备插入: USB 打印支持
2025-07-16 14:33:20,949 - INFO - 描述: USB 打印支持
2025-07-16 14:33:20,949 - INFO - 设备ID: USB\VID_04E8&PID_3310\Z5VNBJAD60002GH
2025-07-16 14:33:20,949 - INFO - ------------------------------
2025-07-16 14:33:20,949 - INFO - 新设备插入: Samsung ML-331x Series Class Driver
2025-07-16 14:33:20,949 - INFO - 描述: Samsung ML-331x Series Class Driver
2025-07-16 14:33:20,949 - INFO - 设备ID: USBPRINT\SAMSUNGML-331X_SERIES\6&1129C2D7&0&USB001
2025-07-16 14:33:20,950 - INFO - ------------------------------
2025-07-16 14:33:20,950 - INFO - 新设备插入: Samsung ML-331x Series
2025-07-16 14:33:20,950 - INFO - 描述: 本地打印队列
2025-07-16 14:33:20,950 - INFO - 设备ID: SWD\PRINTENUM\{2EDF682C-B8A8-484C-8CD0-78BD6FBA9D09}
2025-07-16 14:33:20,950 - INFO - ------------------------------
2025-07-16 14:33:20,950 - INFO - 新设备插入: Intel(R) USB 3.0 可扩展主机控制器 - 1.0 (Microsoft)
2025-07-16 14:33:20,950 - INFO - 描述: 符合 USB xHCI 的主机控制器
2025-07-16 14:33:20,950 - INFO - 设备ID: PCI\VEN_8086&DEV_A2AF&SUBSYS_07A21028&REV_00\3&11583659&0&A0
2025-07-16 14:33:20,950 - INFO - ------------------------------
